2024-04-12 23:57:37 INFO  LoggerExample:17 - performing initialisation
2024-04-12 23:57:38 TRACE LoggerExample:19 - This is trace
2024-04-12 23:57:38 DEBUG LoggerExample:20 - This is debug
2024-04-12 23:57:38 INFO  LoggerExample:21 - This is info
2024-04-12 23:57:38 WARN  LoggerExample:22 - This is warn
2024-04-12 23:57:38 ERROR LoggerExample:23 - This is error
2024-04-12 23:57:38 FATAL LoggerExample:24 - This is fatal
2024-04-12 23:57:38 INFO  LoggerExample:29 - Launching browser
2024-04-12 23:57:42 INFO  LoggerExample:37 - Clean up tasks
2024-04-12 23:59:35 INFO  LoggerExample:17 - performing initialisation
2024-04-12 23:59:35 TRACE LoggerExample:19 - This is trace
2024-04-12 23:59:35 DEBUG LoggerExample:20 - This is debug
2024-04-12 23:59:35 INFO  LoggerExample:21 - This is info
2024-04-12 23:59:35 WARN  LoggerExample:22 - This is warn
2024-04-12 23:59:35 ERROR LoggerExample:23 - This is error
2024-04-12 23:59:35 FATAL LoggerExample:24 - This is fatal
2024-04-12 23:59:35 INFO  LoggerExample:29 - Launching browser
2024-04-12 23:59:39 INFO  LoggerExample:37 - Clean up tasks
2024-04-13 13:23:31 INFO  BaseSetup:28 - before class
2024-04-13 13:23:53 INFO  BaseSetup:51 - Before a parent class is called
2024-04-13 13:24:03 INFO  LoginScenerio:21 - Child class before called
2024-04-13 13:24:04 INFO  LoginScenerio:26 - .... start testSuccessfulLogin ....
2024-04-13 13:24:08 INFO  LoginScenerio:34 - .... end testSuccessfulLogin ....
2024-04-13 13:25:14 INFO  BaseSetup:28 - before class
2024-04-13 13:25:26 INFO  BaseSetup:51 - Before a parent class is called
2024-04-13 13:25:29 INFO  LoginScenerio:25 - Child class before called
2024-04-13 13:25:30 INFO  LoginScenerio:30 - .... start testSuccessfulLogin ....
2024-04-13 13:25:31 INFO  LoginScenerio:38 - .... end testSuccessfulLogin ....
2024-04-13 15:00:37 INFO  BaseSetup:26 - before class
2024-04-13 15:00:40 INFO  BaseSetup:49 - Before a parent class is called
2024-04-13 15:00:40 INFO  LoginScenerio:25 - Child class before called
2024-04-13 15:00:40 INFO  LoginScenerio:42 - .... start testSuccessfulLogin ....
2024-04-13 15:00:41 INFO  LoginScenerio:50 - .... end testSuccessfulLogin ....
2024-04-13 15:11:03 INFO  BaseSetup:26 - before class
2024-04-13 15:11:05 INFO  BaseSetup:49 - Before a parent class is called
2024-04-13 15:11:05 INFO  LoginScenerio:25 - Child class before called
2024-04-13 15:11:05 INFO  LoginScenerio:42 - .... start testSuccessfulLogin2 ....
2024-04-13 15:11:06 INFO  LoginScenerio:50 - .... end testSuccessfulLogin2 ....
2024-04-13 15:11:08 INFO  BaseSetup:49 - Before a parent class is called
2024-04-13 15:11:08 INFO  LoginScenerio:25 - Child class before called
2024-04-13 15:11:08 INFO  LoginScenerio:30 - .... start testSuccessfulLogin ....
2024-04-13 15:11:09 INFO  LoginScenerio:38 - .... end testSuccessfulLogin ....
2024-04-13 15:19:33 INFO  LoggerExample:17 - performing initialisation
2024-04-13 15:19:33 TRACE LoggerExample:19 - This is trace
2024-04-13 15:19:33 DEBUG LoggerExample:20 - This is debug
2024-04-13 15:19:33 INFO  LoggerExample:21 - This is info
2024-04-13 15:19:33 WARN  LoggerExample:22 - This is warn
2024-04-13 15:19:33 ERROR LoggerExample:23 - This is error
2024-04-13 15:19:33 FATAL LoggerExample:24 - This is fatal
2024-04-13 15:19:33 INFO  LoggerExample:29 - Launching browser
2024-04-13 15:19:38 INFO  LoggerExample:37 - Clean up tasks
2024-04-13 15:20:16 INFO  BaseSetup:26 - before class
2024-04-13 15:20:18 INFO  BaseSetup:49 - Before a parent class is called
2024-04-13 15:20:18 INFO  LoginScenerio:25 - Child class before called
2024-04-13 15:20:18 INFO  LoginScenerio:42 - .... start testSuccessfulLogin2 ....
2024-04-13 15:20:19 INFO  LoginScenerio:50 - .... end testSuccessfulLogin2 ....
2024-04-13 15:20:21 INFO  BaseSetup:49 - Before a parent class is called
2024-04-13 15:20:21 INFO  LoginScenerio:25 - Child class before called
2024-04-13 15:20:21 INFO  LoginScenerio:30 - .... start testSuccessfulLogin ....
2024-04-13 15:20:22 INFO  LoginScenerio:38 - .... end testSuccessfulLogin ....
2024-04-14 00:52:24 INFO  BaseSetup:26 - before class
2024-04-14 00:52:29 INFO  BaseSetup:49 - Before a parent class is called
2024-04-14 00:52:29 INFO  AutomationPractice:25 - Child class before called
2024-04-14 01:01:37 INFO  BaseSetup:26 - before class
2024-04-14 01:01:39 INFO  BaseSetup:49 - Before a parent class is called
2024-04-14 01:01:39 INFO  AutomationPractice:25 - Child class before called
2024-04-14 01:03:13 INFO  BaseSetup:26 - before class
2024-04-14 01:03:15 INFO  BaseSetup:49 - Before a parent class is called
2024-04-14 01:03:15 INFO  AutomationPractice:25 - Child class before called
2024-04-14 01:03:23 INFO  BaseSetup:49 - Before a parent class is called
2024-04-14 01:03:23 INFO  AutomationPractice:25 - Child class before called
2024-04-14 01:03:30 INFO  BaseSetup:49 - Before a parent class is called
2024-04-14 01:03:30 INFO  AutomationPractice:25 - Child class before called
2024-04-14 01:03:50 INFO  BaseSetup:26 - before class
2024-04-14 01:03:52 INFO  BaseSetup:49 - Before a parent class is called
2024-04-14 01:03:52 INFO  AutomationPractice:25 - Child class before called
2024-04-14 01:15:57 INFO  BaseSetup:26 - before class
2024-04-14 01:15:59 INFO  BaseSetup:49 - Before a parent class is called
2024-04-14 01:15:59 INFO  AutomationPractice:26 - Child class before called
2024-04-14 09:44:47 INFO  BaseSetup:26 - before class
2024-04-14 09:44:51 INFO  BaseSetup:49 - Before a parent class is called
2024-04-14 09:44:51 INFO  AutomationPractice:26 - Child class before called
2024-04-14 09:46:54 INFO  BaseSetup:26 - before class
2024-04-14 09:46:57 INFO  BaseSetup:49 - Before a parent class is called
2024-04-14 09:46:57 INFO  AutomationPractice:26 - Child class before called
2024-04-14 10:15:51 INFO  BaseSetup:26 - before class
2024-04-14 10:15:53 INFO  BaseSetup:49 - Before a parent class is called
2024-04-14 10:15:53 INFO  AutomationPractice:31 - Child class before called
2024-04-14 10:19:47 INFO  BaseSetup:26 - before class
2024-04-14 10:19:49 INFO  BaseSetup:49 - Before a parent class is called
2024-04-14 10:19:49 INFO  BaseSetup:49 - Before a parent class is called
2024-04-14 10:19:49 INFO  AutomationPractice:33 - Child class before called
2024-04-14 10:26:52 INFO  BaseSetup:26 - before class
2024-04-14 10:26:55 INFO  BaseSetup:49 - Before a parent class is called
2024-04-14 10:26:55 INFO  AutomationPractice:25 - Child class before called
2024-04-14 10:27:06 INFO  BaseSetup:49 - Before a parent class is called
2024-04-14 10:27:06 INFO  AutomationPractice:25 - Child class before called
2024-04-14 10:27:12 INFO  BaseSetup:49 - Before a parent class is called
2024-04-14 10:27:12 INFO  AutomationPractice:25 - Child class before called
2024-04-14 10:27:18 INFO  BaseSetup:49 - Before a parent class is called
2024-04-14 10:27:18 INFO  AutomationPractice:25 - Child class before called
2024-04-14 10:27:23 INFO  BaseSetup:49 - Before a parent class is called
2024-04-14 10:27:23 INFO  AutomationPractice:25 - Child class before called
2024-04-14 10:27:58 INFO  BaseSetup:26 - before class
2024-04-14 10:28:00 INFO  BaseSetup:49 - Before a parent class is called
2024-04-14 10:28:00 INFO  AutomationPractice:25 - Child class before called
2024-04-14 10:28:12 INFO  BaseSetup:26 - before class
2024-04-14 10:28:14 INFO  BaseSetup:49 - Before a parent class is called
2024-04-14 10:28:14 INFO  AutomationPractice:25 - Child class before called
2024-04-14 10:28:21 INFO  BaseSetup:49 - Before a parent class is called
2024-04-14 10:28:21 INFO  AutomationPractice:25 - Child class before called
2024-04-14 10:28:27 INFO  BaseSetup:49 - Before a parent class is called
2024-04-14 10:28:27 INFO  AutomationPractice:25 - Child class before called
2024-04-14 10:28:32 INFO  BaseSetup:49 - Before a parent class is called
2024-04-14 10:28:32 INFO  AutomationPractice:25 - Child class before called
2024-04-14 10:28:37 INFO  BaseSetup:49 - Before a parent class is called
2024-04-14 10:28:37 INFO  AutomationPractice:25 - Child class before called
2024-04-14 10:30:39 INFO  BaseSetup:26 - before class
2024-04-14 10:30:41 INFO  BaseSetup:49 - Before a parent class is called
2024-04-14 10:30:41 INFO  BaseSetup:49 - Before a parent class is called
2024-04-14 10:30:41 INFO  AutomationPractice:33 - Child class before called
2024-04-14 15:43:28 INFO  BaseSetup:26 - before class
2024-04-14 15:43:33 INFO  BaseSetup:49 - Before a parent class is called
2024-04-14 15:43:33 INFO  BaseSetup:49 - Before a parent class is called
2024-04-14 15:43:33 INFO  AutomationPractice:33 - Child class before called
2024-04-15 00:12:01 INFO  BaseSetup:26 - before class
2024-04-15 00:12:06 INFO  BaseSetup:49 - Before a parent class is called
2024-04-15 00:12:06 INFO  BaseSetup:49 - Before a parent class is called
2024-04-15 00:12:06 INFO  AutomationPractice:29 - Child class before called
2024-04-15 00:12:09 INFO  BaseSetup:49 - Before a parent class is called
2024-04-15 00:12:09 INFO  BaseSetup:49 - Before a parent class is called
2024-04-15 00:12:09 INFO  AutomationPractice:29 - Child class before called
2024-04-15 00:12:12 INFO  BaseSetup:49 - Before a parent class is called
2024-04-15 00:12:12 INFO  BaseSetup:49 - Before a parent class is called
2024-04-15 00:12:12 INFO  AutomationPractice:29 - Child class before called
2024-04-15 02:15:40 INFO  BaseSetup:26 - before class
2024-04-15 09:46:17 INFO  BaseSetup:26 - before class
2024-04-15 09:46:21 INFO  BaseSetup:49 - Before a parent class is called
2024-04-15 09:46:21 INFO  BaseSetup:49 - Before a parent class is called
2024-04-15 09:46:21 INFO  AutomationPractice:29 - Child class before called
2024-04-15 09:46:46 INFO  BaseSetup:26 - before class
2024-04-15 09:46:48 INFO  BaseSetup:49 - Before a parent class is called
2024-04-15 09:46:48 INFO  BaseSetup:49 - Before a parent class is called
2024-04-15 09:46:48 INFO  AutomationPractice:29 - Child class before called
2024-04-15 09:48:08 INFO  BaseSetup:26 - before class
2024-04-15 09:48:10 INFO  BaseSetup:49 - Before a parent class is called
2024-04-15 09:48:10 INFO  BaseSetup:49 - Before a parent class is called
2024-04-15 09:48:10 INFO  AutomationPractice:29 - Child class before called
2024-04-15 09:48:52 INFO  BaseSetup:26 - before class
2024-04-15 09:48:54 INFO  BaseSetup:49 - Before a parent class is called
2024-04-15 09:48:54 INFO  BaseSetup:49 - Before a parent class is called
2024-04-15 09:48:54 INFO  AutomationPractice:30 - Child class before called
2024-04-15 09:55:52 INFO  BaseSetup:26 - before class
2024-04-15 09:55:55 INFO  BaseSetup:49 - Before a parent class is called
2024-04-15 09:55:55 INFO  BaseSetup:49 - Before a parent class is called
2024-04-15 09:55:55 INFO  AutomationPractice:30 - Child class before called
2024-04-15 09:56:07 INFO  BaseSetup:26 - before class
2024-04-15 09:56:09 INFO  BaseSetup:49 - Before a parent class is called
2024-04-15 09:56:09 INFO  BaseSetup:49 - Before a parent class is called
2024-04-15 09:56:09 INFO  AutomationPractice:30 - Child class before called
2024-04-15 09:56:13 INFO  BaseSetup:49 - Before a parent class is called
2024-04-15 09:56:13 INFO  BaseSetup:49 - Before a parent class is called
2024-04-15 09:56:13 INFO  AutomationPractice:30 - Child class before called
2024-04-15 09:56:18 INFO  BaseSetup:49 - Before a parent class is called
2024-04-15 09:56:18 INFO  BaseSetup:49 - Before a parent class is called
2024-04-15 09:56:18 INFO  AutomationPractice:30 - Child class before called
2024-04-15 09:56:21 INFO  BaseSetup:49 - Before a parent class is called
2024-04-15 09:56:21 INFO  BaseSetup:49 - Before a parent class is called
2024-04-15 09:56:21 INFO  AutomationPractice:30 - Child class before called
2024-04-15 09:56:24 INFO  BaseSetup:49 - Before a parent class is called
2024-04-15 09:56:24 INFO  BaseSetup:49 - Before a parent class is called
2024-04-15 09:56:24 INFO  AutomationPractice:30 - Child class before called
2024-04-15 09:56:26 INFO  BaseSetup:49 - Before a parent class is called
2024-04-15 09:56:26 INFO  BaseSetup:49 - Before a parent class is called
2024-04-15 09:56:26 INFO  AutomationPractice:30 - Child class before called
2024-04-15 09:56:29 INFO  BaseSetup:49 - Before a parent class is called
2024-04-15 09:56:29 INFO  BaseSetup:49 - Before a parent class is called
2024-04-15 09:56:29 INFO  AutomationPractice:30 - Child class before called
2024-04-15 11:39:49 INFO  BaseSetup:26 - before class
2024-04-15 11:39:52 INFO  BaseSetup:49 - Before a parent class is called
2024-04-15 11:39:52 INFO  BaseSetup:49 - Before a parent class is called
2024-04-15 11:39:52 INFO  AutomationPractice:28 - Child class before called
2024-04-15 12:22:44 INFO  BaseSetup:26 - before class
2024-04-15 12:22:47 INFO  BaseSetup:49 - Before a parent class is called
2024-04-15 12:22:47 INFO  BaseSetup:49 - Before a parent class is called
2024-04-15 12:22:47 INFO  AutomationPractice:28 - Child class before called
2024-04-15 12:23:09 INFO  BaseSetup:26 - before class
2024-04-15 12:23:11 INFO  BaseSetup:49 - Before a parent class is called
2024-04-15 12:23:11 INFO  BaseSetup:49 - Before a parent class is called
2024-04-15 12:23:11 INFO  AutomationPractice:28 - Child class before called
2024-04-15 12:23:40 INFO  BaseSetup:26 - before class
2024-04-15 12:23:43 INFO  BaseSetup:49 - Before a parent class is called
2024-04-15 12:23:43 INFO  BaseSetup:49 - Before a parent class is called
2024-04-15 12:23:43 INFO  AutomationPractice:27 - Child class before called
2024-04-15 12:23:45 INFO  BaseSetup:49 - Before a parent class is called
2024-04-15 12:23:45 INFO  BaseSetup:49 - Before a parent class is called
2024-04-15 12:23:45 INFO  AutomationPractice:27 - Child class before called
2024-04-15 12:23:47 INFO  BaseSetup:49 - Before a parent class is called
2024-04-15 12:23:47 INFO  BaseSetup:49 - Before a parent class is called
2024-04-15 12:23:47 INFO  AutomationPractice:27 - Child class before called
2024-04-15 12:23:49 INFO  BaseSetup:49 - Before a parent class is called
2024-04-15 12:23:49 INFO  BaseSetup:49 - Before a parent class is called
2024-04-15 12:23:49 INFO  AutomationPractice:27 - Child class before called
2024-04-15 12:24:25 INFO  BaseSetup:26 - before class
2024-04-15 12:24:27 INFO  BaseSetup:49 - Before a parent class is called
2024-04-15 12:24:27 INFO  BaseSetup:49 - Before a parent class is called
2024-04-15 12:24:27 INFO  AutomationPractice:27 - Child class before called
2024-04-15 12:24:43 INFO  BaseSetup:49 - Before a parent class is called
2024-04-15 12:24:43 INFO  BaseSetup:49 - Before a parent class is called
2024-04-15 12:24:43 INFO  AutomationPractice:27 - Child class before called
2024-04-15 12:25:04 INFO  BaseSetup:26 - before class
2024-04-15 12:25:06 INFO  BaseSetup:49 - Before a parent class is called
2024-04-15 12:25:06 INFO  BaseSetup:49 - Before a parent class is called
2024-04-15 12:25:06 INFO  AutomationPractice:28 - Child class before called
2024-04-15 12:25:12 INFO  BaseSetup:49 - Before a parent class is called
2024-04-15 12:25:12 INFO  BaseSetup:49 - Before a parent class is called
2024-04-15 12:25:12 INFO  AutomationPractice:28 - Child class before called
2024-04-15 12:25:19 INFO  BaseSetup:49 - Before a parent class is called
2024-04-15 12:25:19 INFO  BaseSetup:49 - Before a parent class is called
2024-04-15 12:25:19 INFO  AutomationPractice:28 - Child class before called
2024-04-15 12:25:28 INFO  BaseSetup:49 - Before a parent class is called
2024-04-15 12:25:28 INFO  BaseSetup:49 - Before a parent class is called
2024-04-15 12:25:28 INFO  AutomationPractice:28 - Child class before called
2024-04-15 12:26:59 INFO  BaseSetup:26 - before class
2024-04-15 12:27:01 INFO  BaseSetup:49 - Before a parent class is called
2024-04-15 12:27:01 INFO  BaseSetup:49 - Before a parent class is called
2024-04-15 12:27:01 INFO  AutomationPractice:28 - Child class before called
2024-04-15 12:39:54 INFO  BaseSetup:26 - before class
2024-04-15 12:39:56 INFO  BaseSetup:49 - Before a parent class is called
2024-04-15 12:39:56 INFO  BaseSetup:49 - Before a parent class is called
2024-04-15 12:39:56 INFO  AutomationPractice:27 - Child class before called
2024-04-15 12:40:04 INFO  BaseSetup:49 - Before a parent class is called
2024-04-15 12:40:04 INFO  BaseSetup:49 - Before a parent class is called
2024-04-15 12:40:04 INFO  AutomationPractice:27 - Child class before called
2024-04-15 12:40:11 INFO  BaseSetup:49 - Before a parent class is called
2024-04-15 12:40:11 INFO  BaseSetup:49 - Before a parent class is called
2024-04-15 12:40:11 INFO  AutomationPractice:27 - Child class before called
2024-04-15 12:40:17 INFO  BaseSetup:49 - Before a parent class is called
2024-04-15 12:40:17 INFO  BaseSetup:49 - Before a parent class is called
2024-04-15 12:40:17 INFO  AutomationPractice:27 - Child class before called
2024-04-15 12:40:23 INFO  BaseSetup:49 - Before a parent class is called
2024-04-15 12:40:23 INFO  BaseSetup:49 - Before a parent class is called
2024-04-15 12:40:23 INFO  AutomationPractice:27 - Child class before called
2024-04-15 14:49:21 INFO  BaseSetup:26 - before class
2024-04-15 14:49:24 INFO  BaseSetup:49 - Before a parent class is called
2024-04-15 14:49:24 INFO  BaseSetup:49 - Before a parent class is called
2024-04-15 14:49:24 INFO  AutomationPractice:27 - Child class before called
2024-04-15 14:54:28 INFO  BaseSetup:26 - before class
2024-04-15 14:54:30 INFO  BaseSetup:49 - Before a parent class is called
2024-04-15 14:54:30 INFO  BaseSetup:49 - Before a parent class is called
2024-04-15 14:54:30 INFO  AutomationPractice:28 - Child class before called
2024-04-15 14:57:00 INFO  BaseSetup:26 - before class
2024-04-15 14:57:02 INFO  BaseSetup:49 - Before a parent class is called
2024-04-15 14:57:02 INFO  BaseSetup:49 - Before a parent class is called
2024-04-15 14:57:02 INFO  AutomationPractice:30 - Child class before called
2024-04-15 15:02:18 INFO  BaseSetup:26 - before class
2024-04-15 15:02:20 INFO  BaseSetup:49 - Before a parent class is called
2024-04-15 15:02:20 INFO  BaseSetup:49 - Before a parent class is called
2024-04-15 15:02:20 INFO  AutomationPractice:30 - Child class before called
2024-04-15 15:12:27 INFO  BaseSetup:26 - before class
2024-04-15 15:12:29 INFO  BaseSetup:49 - Before a parent class is called
2024-04-15 15:12:29 INFO  BaseSetup:49 - Before a parent class is called
2024-04-15 15:12:29 INFO  AutomationPractice:30 - Child class before called
2024-04-15 15:13:09 INFO  BaseSetup:26 - before class
2024-04-15 15:13:11 INFO  BaseSetup:49 - Before a parent class is called
2024-04-15 15:13:11 INFO  BaseSetup:49 - Before a parent class is called
2024-04-15 15:13:11 INFO  AutomationPractice:30 - Child class before called
2024-04-15 15:32:05 INFO  BaseSetup:26 - before class
2024-04-15 15:32:07 INFO  BaseSetup:49 - Before a parent class is called
2024-04-15 15:32:07 INFO  BaseSetup:49 - Before a parent class is called
2024-04-15 15:32:07 INFO  AutomationPractice:30 - Child class before called
2024-04-15 15:32:40 INFO  BaseSetup:26 - before class
2024-04-15 15:32:42 INFO  BaseSetup:49 - Before a parent class is called
2024-04-15 15:32:42 INFO  BaseSetup:49 - Before a parent class is called
2024-04-15 15:32:42 INFO  AutomationPractice:30 - Child class before called
2024-04-15 16:49:47 INFO  BaseSetup:26 - before class
2024-04-15 16:49:50 INFO  BaseSetup:49 - Before a parent class is called
2024-04-15 16:49:50 INFO  BaseSetup:49 - Before a parent class is called
2024-04-15 16:49:50 INFO  AutomationPractice:26 - Child class before called
2024-04-15 16:50:35 INFO  BaseSetup:26 - before class
2024-04-15 16:50:37 INFO  BaseSetup:49 - Before a parent class is called
2024-04-15 16:50:37 INFO  BaseSetup:49 - Before a parent class is called
2024-04-15 16:50:37 INFO  AutomationPractice:26 - Child class before called
2024-04-15 16:51:07 INFO  BaseSetup:26 - before class
2024-04-15 16:51:09 INFO  BaseSetup:49 - Before a parent class is called
2024-04-15 16:51:09 INFO  BaseSetup:49 - Before a parent class is called
2024-04-15 16:51:09 INFO  AutomationPractice:26 - Child class before called
2024-04-15 16:53:20 INFO  BaseSetup:26 - before class
2024-04-15 16:53:22 INFO  BaseSetup:49 - Before a parent class is called
2024-04-15 16:53:22 INFO  BaseSetup:49 - Before a parent class is called
2024-04-15 16:53:22 INFO  AutomationPractice:26 - Child class before called
2024-04-15 16:59:58 INFO  BaseSetup:26 - before class
2024-04-15 17:00:00 INFO  BaseSetup:49 - Before a parent class is called
2024-04-15 17:00:00 INFO  BaseSetup:49 - Before a parent class is called
2024-04-15 17:00:00 INFO  AutomationPractice:28 - Child class before called
2024-04-15 17:00:15 INFO  BaseSetup:26 - before class
2024-04-15 17:00:17 INFO  BaseSetup:49 - Before a parent class is called
2024-04-15 17:00:17 INFO  BaseSetup:49 - Before a parent class is called
2024-04-15 17:00:17 INFO  AutomationPractice:28 - Child class before called
2024-04-15 17:00:37 INFO  BaseSetup:26 - before class
2024-04-15 17:00:40 INFO  BaseSetup:49 - Before a parent class is called
2024-04-15 17:00:40 INFO  BaseSetup:49 - Before a parent class is called
2024-04-15 17:00:40 INFO  AutomationPractice:28 - Child class before called
2024-04-15 17:02:47 INFO  BaseSetup:26 - before class
2024-04-15 17:02:49 INFO  BaseSetup:49 - Before a parent class is called
2024-04-15 17:02:49 INFO  BaseSetup:49 - Before a parent class is called
2024-04-15 17:02:49 INFO  AutomationPractice:29 - Child class before called
2024-04-15 17:12:30 INFO  BaseSetup:26 - before class
2024-04-15 17:12:32 INFO  BaseSetup:49 - Before a parent class is called
2024-04-15 17:12:32 INFO  BaseSetup:49 - Before a parent class is called
2024-04-15 17:12:32 INFO  AutomationPractice:31 - Child class before called
2024-04-15 17:13:33 INFO  BaseSetup:26 - before class
2024-04-15 17:13:35 INFO  BaseSetup:49 - Before a parent class is called
2024-04-15 17:13:35 INFO  BaseSetup:49 - Before a parent class is called
2024-04-15 17:13:35 INFO  AutomationPractice:31 - Child class before called
2024-04-15 17:17:41 INFO  BaseSetup:26 - before class
2024-04-15 17:17:43 INFO  BaseSetup:49 - Before a parent class is called
2024-04-15 17:17:43 INFO  BaseSetup:49 - Before a parent class is called
2024-04-15 17:17:43 INFO  AutomationPractice:31 - Child class before called
2024-04-15 17:21:47 INFO  BaseSetup:26 - before class
2024-04-15 17:21:49 INFO  BaseSetup:49 - Before a parent class is called
2024-04-15 17:21:49 INFO  BaseSetup:49 - Before a parent class is called
2024-04-15 17:21:49 INFO  AutomationPractice:32 - Child class before called
2024-04-15 17:31:40 INFO  BaseSetup:26 - before class
2024-04-15 17:31:42 INFO  BaseSetup:49 - Before a parent class is called
2024-04-15 17:31:42 INFO  BaseSetup:49 - Before a parent class is called
2024-04-15 17:31:42 INFO  AutomationPractice:32 - Child class before called
2024-04-15 17:32:38 INFO  BaseSetup:26 - before class
2024-04-15 17:32:40 INFO  BaseSetup:49 - Before a parent class is called
2024-04-15 17:32:40 INFO  BaseSetup:49 - Before a parent class is called
2024-04-15 17:32:40 INFO  AutomationPractice:32 - Child class before called
2024-04-15 17:51:55 INFO  BaseSetup:26 - before class
2024-04-15 17:51:57 INFO  BaseSetup:49 - Before a parent class is called
2024-04-15 17:51:57 INFO  BaseSetup:49 - Before a parent class is called
2024-04-15 17:51:57 INFO  AutomationPractice:32 - Child class before called
2024-04-15 17:55:11 INFO  BaseSetup:26 - before class
2024-04-15 17:55:13 INFO  BaseSetup:49 - Before a parent class is called
2024-04-15 17:55:13 INFO  BaseSetup:49 - Before a parent class is called
2024-04-15 17:55:13 INFO  AutomationPractice:32 - Child class before called
2024-04-15 17:55:45 INFO  BaseSetup:26 - before class
2024-04-15 17:55:47 INFO  BaseSetup:49 - Before a parent class is called
2024-04-15 17:55:47 INFO  BaseSetup:49 - Before a parent class is called
2024-04-15 17:55:47 INFO  AutomationPractice:32 - Child class before called
2024-04-15 17:57:03 INFO  BaseSetup:26 - before class
2024-04-15 17:57:05 INFO  BaseSetup:49 - Before a parent class is called
2024-04-15 17:57:05 INFO  BaseSetup:49 - Before a parent class is called
2024-04-15 17:57:05 INFO  AutomationPractice:32 - Child class before called
2024-04-15 18:02:11 INFO  BaseSetup:26 - before class
2024-04-15 18:02:13 INFO  BaseSetup:49 - Before a parent class is called
2024-04-15 18:02:13 INFO  BaseSetup:49 - Before a parent class is called
2024-04-15 18:02:13 INFO  AutomationPractice:32 - Child class before called
2024-04-15 18:02:28 INFO  BaseSetup:26 - before class
2024-04-15 18:02:30 INFO  BaseSetup:49 - Before a parent class is called
2024-04-15 18:02:30 INFO  BaseSetup:49 - Before a parent class is called
2024-04-15 18:02:30 INFO  AutomationPractice:32 - Child class before called
2024-04-15 18:05:23 INFO  BaseSetup:26 - before class
2024-04-15 18:05:25 INFO  BaseSetup:49 - Before a parent class is called
2024-04-15 18:05:25 INFO  BaseSetup:49 - Before a parent class is called
2024-04-15 18:05:25 INFO  AutomationPractice:30 - Child class before called
2024-04-15 20:04:47 INFO  BaseSetup:26 - before class
2024-04-15 20:04:50 INFO  BaseSetup:49 - Before a parent class is called
2024-04-15 20:04:50 INFO  BaseSetup:49 - Before a parent class is called
2024-04-15 20:04:50 INFO  AutomationPractice:29 - Child class before called
2024-04-15 20:04:57 INFO  BaseSetup:49 - Before a parent class is called
2024-04-15 20:04:57 INFO  BaseSetup:49 - Before a parent class is called
2024-04-15 20:04:57 INFO  AutomationPractice:29 - Child class before called
2024-04-15 20:04:59 INFO  BaseSetup:49 - Before a parent class is called
2024-04-15 20:04:59 INFO  BaseSetup:49 - Before a parent class is called
2024-04-15 20:04:59 INFO  AutomationPractice:29 - Child class before called
2024-04-15 20:05:04 INFO  BaseSetup:49 - Before a parent class is called
2024-04-15 20:05:04 INFO  BaseSetup:49 - Before a parent class is called
2024-04-15 20:05:04 INFO  AutomationPractice:29 - Child class before called
2024-04-15 20:05:14 INFO  BaseSetup:49 - Before a parent class is called
2024-04-15 20:05:14 INFO  BaseSetup:49 - Before a parent class is called
2024-04-15 20:05:14 INFO  AutomationPractice:29 - Child class before called
2024-04-15 20:05:15 INFO  BaseSetup:49 - Before a parent class is called
2024-04-15 20:05:15 INFO  BaseSetup:49 - Before a parent class is called
2024-04-15 20:05:15 INFO  AutomationPractice:29 - Child class before called
2024-04-15 20:05:38 INFO  BaseSetup:26 - before class
2024-04-15 20:05:40 INFO  BaseSetup:49 - Before a parent class is called
2024-04-15 20:05:40 INFO  BaseSetup:49 - Before a parent class is called
2024-04-15 20:05:40 INFO  AutomationPractice:29 - Child class before called
2024-04-15 20:05:49 INFO  BaseSetup:26 - before class
2024-04-15 20:05:51 INFO  BaseSetup:49 - Before a parent class is called
2024-04-15 20:05:51 INFO  BaseSetup:49 - Before a parent class is called
2024-04-15 20:05:51 INFO  AutomationPractice:29 - Child class before called
2024-04-15 20:05:58 INFO  BaseSetup:49 - Before a parent class is called
2024-04-15 20:05:58 INFO  BaseSetup:49 - Before a parent class is called
2024-04-15 20:05:58 INFO  AutomationPractice:29 - Child class before called
2024-04-15 20:06:00 INFO  BaseSetup:49 - Before a parent class is called
2024-04-15 20:06:00 INFO  BaseSetup:49 - Before a parent class is called
2024-04-15 20:06:00 INFO  AutomationPractice:29 - Child class before called
2024-04-15 20:06:07 INFO  BaseSetup:49 - Before a parent class is called
2024-04-15 20:06:07 INFO  BaseSetup:49 - Before a parent class is called
2024-04-15 20:06:07 INFO  AutomationPractice:29 - Child class before called
2024-04-15 20:06:12 INFO  BaseSetup:49 - Before a parent class is called
2024-04-15 20:06:12 INFO  BaseSetup:49 - Before a parent class is called
2024-04-15 20:06:12 INFO  AutomationPractice:29 - Child class before called
2024-04-15 20:06:16 INFO  BaseSetup:49 - Before a parent class is called
2024-04-15 20:06:16 INFO  BaseSetup:49 - Before a parent class is called
2024-04-15 20:06:16 INFO  AutomationPractice:29 - Child class before called
2024-04-15 21:09:50 INFO  BaseSetup:26 - before class
2024-04-15 21:09:54 INFO  BaseSetup:49 - Before a parent class is called
2024-04-15 21:09:54 INFO  BaseSetup:49 - Before a parent class is called
2024-04-15 21:09:54 INFO  AutomationPractice:26 - Child class before called
2024-04-15 21:10:36 INFO  BaseSetup:26 - before class
2024-04-15 21:10:38 INFO  BaseSetup:49 - Before a parent class is called
2024-04-15 21:10:38 INFO  BaseSetup:49 - Before a parent class is called
2024-04-15 21:10:38 INFO  AutomationPractice:26 - Child class before called
2024-04-15 21:16:40 INFO  BaseSetup:26 - before class
2024-04-15 21:16:42 INFO  BaseSetup:49 - Before a parent class is called
2024-04-15 21:16:42 INFO  BaseSetup:49 - Before a parent class is called
2024-04-15 21:16:42 INFO  AutomationPractice:26 - Child class before called
2024-04-15 21:19:17 INFO  BaseSetup:26 - before class
2024-04-15 21:19:19 INFO  BaseSetup:49 - Before a parent class is called
2024-04-15 21:19:19 INFO  BaseSetup:49 - Before a parent class is called
2024-04-15 21:19:19 INFO  AutomationPractice:29 - Child class before called
2024-04-15 21:23:19 INFO  BaseSetup:26 - before class
2024-04-15 21:23:21 INFO  BaseSetup:49 - Before a parent class is called
2024-04-15 21:23:21 INFO  BaseSetup:49 - Before a parent class is called
2024-04-15 21:23:21 INFO  AutomationPractice:26 - Child class before called
2024-04-15 21:26:37 INFO  BaseSetup:26 - before class
2024-04-15 21:26:39 INFO  BaseSetup:49 - Before a parent class is called
2024-04-15 21:26:39 INFO  BaseSetup:49 - Before a parent class is called
2024-04-15 21:26:39 INFO  AutomationPractice:26 - Child class before called
2024-04-15 21:32:38 INFO  BaseSetup:26 - before class
2024-04-15 21:32:40 INFO  BaseSetup:49 - Before a parent class is called
2024-04-15 21:32:40 INFO  BaseSetup:49 - Before a parent class is called
2024-04-15 21:32:40 INFO  AutomationPractice:26 - Child class before called
2024-04-15 21:34:25 INFO  BaseSetup:26 - before class
2024-04-15 21:34:28 INFO  BaseSetup:49 - Before a parent class is called
2024-04-15 21:34:28 INFO  BaseSetup:49 - Before a parent class is called
2024-04-15 21:34:28 INFO  TestShadowDom:26 - Child class before called
2024-04-15 21:48:48 INFO  BaseSetup:26 - before class
2024-04-15 21:48:50 INFO  BaseSetup:49 - Before a parent class is called
2024-04-15 21:48:50 INFO  BaseSetup:49 - Before a parent class is called
2024-04-15 21:48:50 INFO  TestShadowDom:26 - Child class before called
2024-04-15 21:51:58 INFO  BaseSetup:26 - before class
2024-04-15 21:52:00 INFO  BaseSetup:49 - Before a parent class is called
2024-04-15 21:52:00 INFO  BaseSetup:49 - Before a parent class is called
2024-04-15 21:52:00 INFO  TestShadowDom:26 - Child class before called
2024-04-15 21:52:26 INFO  BaseSetup:26 - before class
2024-04-15 21:52:28 INFO  BaseSetup:49 - Before a parent class is called
2024-04-15 21:52:28 INFO  BaseSetup:49 - Before a parent class is called
2024-04-15 21:52:28 INFO  TestShadowDom:26 - Child class before called
2024-04-15 21:54:00 INFO  BaseSetup:26 - before class
2024-04-15 21:54:02 INFO  BaseSetup:49 - Before a parent class is called
2024-04-15 21:54:02 INFO  BaseSetup:49 - Before a parent class is called
2024-04-15 21:54:02 INFO  TestShadowDom:27 - Child class before called
2024-04-15 22:41:03 INFO  BaseSetup:26 - before class
2024-04-15 22:41:07 INFO  BaseSetup:49 - Before a parent class is called
2024-04-15 22:41:07 INFO  BaseSetup:49 - Before a parent class is called
2024-04-15 22:41:07 INFO  TestShadowDom:27 - Child class before called
2024-04-15 22:41:24 INFO  BaseSetup:26 - before class
2024-04-15 22:41:26 INFO  BaseSetup:49 - Before a parent class is called
2024-04-15 22:41:26 INFO  BaseSetup:49 - Before a parent class is called
2024-04-15 22:41:26 INFO  TestShadowDom:27 - Child class before called
2024-04-15 22:43:21 INFO  BaseSetup:26 - before class
2024-04-15 22:43:24 INFO  BaseSetup:49 - Before a parent class is called
2024-04-15 22:43:24 INFO  BaseSetup:49 - Before a parent class is called
2024-04-15 22:43:24 INFO  TestShadowDom:27 - Child class before called
2024-04-15 22:46:25 INFO  BaseSetup:26 - before class
2024-04-15 22:46:27 INFO  BaseSetup:49 - Before a parent class is called
2024-04-15 22:46:27 INFO  BaseSetup:49 - Before a parent class is called
2024-04-15 22:46:27 INFO  TestShadowDom:27 - Child class before called
2024-04-15 22:46:32 INFO  BaseSetup:26 - before class
2024-04-15 22:46:34 INFO  BaseSetup:49 - Before a parent class is called
2024-04-15 22:46:34 INFO  BaseSetup:49 - Before a parent class is called
2024-04-15 22:46:34 INFO  TestShadowDom:27 - Child class before called
2024-04-15 22:46:38 INFO  BaseSetup:49 - Before a parent class is called
2024-04-15 22:46:38 INFO  BaseSetup:49 - Before a parent class is called
2024-04-15 22:46:38 INFO  TestShadowDom:27 - Child class before called
2024-04-16 07:12:15 INFO  BaseSetup:26 - before class
2024-04-16 07:12:18 INFO  BaseSetup:49 - Before a parent class is called
2024-04-16 07:12:18 INFO  BaseSetup:49 - Before a parent class is called
2024-04-16 07:12:18 INFO  TestShadowDom:29 - Child class before called
2024-04-16 07:19:35 INFO  BaseSetup:26 - before class
2024-04-16 07:19:37 INFO  BaseSetup:49 - Before a parent class is called
2024-04-16 07:19:37 INFO  BaseSetup:49 - Before a parent class is called
2024-04-16 07:19:37 INFO  TestShadowDom:32 - Child class before called
2024-04-16 07:20:16 INFO  BaseSetup:26 - before class
2024-04-16 07:20:18 INFO  BaseSetup:49 - Before a parent class is called
2024-04-16 07:20:18 INFO  BaseSetup:49 - Before a parent class is called
2024-04-16 07:20:18 INFO  TestShadowDom:32 - Child class before called
2024-04-16 07:21:00 INFO  BaseSetup:26 - before class
2024-04-16 07:21:03 INFO  BaseSetup:49 - Before a parent class is called
2024-04-16 07:21:03 INFO  BaseSetup:49 - Before a parent class is called
2024-04-16 07:21:03 INFO  TestShadowDom:32 - Child class before called
2024-04-16 07:21:57 INFO  BaseSetup:26 - before class
2024-04-16 07:21:59 INFO  BaseSetup:49 - Before a parent class is called
2024-04-16 07:21:59 INFO  BaseSetup:49 - Before a parent class is called
2024-04-16 07:21:59 INFO  TestShadowDom:32 - Child class before called
2024-04-16 07:33:26 INFO  BaseSetup:26 - before class
2024-04-16 07:33:28 INFO  BaseSetup:49 - Before a parent class is called
2024-04-16 07:33:28 INFO  BaseSetup:49 - Before a parent class is called
2024-04-16 07:33:28 INFO  TestShadowDom:32 - Child class before called
2024-04-16 07:34:34 INFO  BaseSetup:26 - before class
2024-04-16 07:34:36 INFO  BaseSetup:49 - Before a parent class is called
2024-04-16 07:34:36 INFO  BaseSetup:49 - Before a parent class is called
2024-04-16 07:34:36 INFO  TestShadowDom:32 - Child class before called
2024-04-16 16:01:15 INFO  BaseSetup:26 - before class
2024-04-16 16:01:19 INFO  BaseSetup:49 - Before a parent class is called
2024-04-16 16:01:19 INFO  BaseSetup:49 - Before a parent class is called
2024-04-16 16:01:19 INFO  TestShadowDom:29 - Child class before called
2024-04-16 16:03:57 INFO  BaseSetup:26 - before class
2024-04-16 16:04:00 INFO  BaseSetup:49 - Before a parent class is called
2024-04-16 16:04:00 INFO  BaseSetup:49 - Before a parent class is called
2024-04-16 16:04:00 INFO  TestShadowDom:27 - Child class before called
2024-04-16 16:04:55 INFO  BaseSetup:26 - before class
2024-04-16 16:04:57 INFO  BaseSetup:49 - Before a parent class is called
2024-04-16 16:04:57 INFO  BaseSetup:49 - Before a parent class is called
2024-04-16 16:04:57 INFO  TestShadowDom:27 - Child class before called
2024-04-16 16:05:16 INFO  BaseSetup:49 - Before a parent class is called
2024-04-16 16:05:16 INFO  BaseSetup:49 - Before a parent class is called
2024-04-16 16:05:16 INFO  TestShadowDom:27 - Child class before called
2024-04-16 16:06:26 INFO  BaseSetup:26 - before class
2024-04-16 16:06:28 INFO  BaseSetup:49 - Before a parent class is called
2024-04-16 16:06:28 INFO  BaseSetup:49 - Before a parent class is called
2024-04-16 16:06:28 INFO  TestShadowDom:28 - Child class before called
2024-04-16 16:06:38 INFO  BaseSetup:49 - Before a parent class is called
2024-04-16 16:06:38 INFO  BaseSetup:49 - Before a parent class is called
2024-04-16 16:06:38 INFO  TestShadowDom:28 - Child class before called
2024-04-16 16:07:57 INFO  BaseSetup:26 - before class
2024-04-16 16:07:59 INFO  BaseSetup:49 - Before a parent class is called
2024-04-16 16:07:59 INFO  BaseSetup:49 - Before a parent class is called
2024-04-16 16:07:59 INFO  TestShadowDom:28 - Child class before called
2024-04-16 16:25:19 INFO  BaseSetup:26 - before class
2024-04-16 16:25:22 INFO  BaseSetup:49 - Before a parent class is called
2024-04-16 16:25:22 INFO  BaseSetup:49 - Before a parent class is called
2024-04-16 16:25:22 INFO  TestShadowDom:29 - Child class before called
2024-04-16 16:26:23 INFO  BaseSetup:26 - before class
2024-04-16 16:26:25 INFO  BaseSetup:49 - Before a parent class is called
2024-04-16 16:26:25 INFO  BaseSetup:49 - Before a parent class is called
2024-04-16 16:26:25 INFO  TestShadowDom:29 - Child class before called
2024-04-16 16:27:12 INFO  BaseSetup:26 - before class
2024-04-16 16:27:14 INFO  BaseSetup:49 - Before a parent class is called
2024-04-16 16:27:14 INFO  BaseSetup:49 - Before a parent class is called
2024-04-16 16:27:14 INFO  TestShadowDom:29 - Child class before called
2024-04-16 16:28:32 INFO  BaseSetup:26 - before class
2024-04-16 16:28:34 INFO  BaseSetup:49 - Before a parent class is called
2024-04-16 16:28:34 INFO  BaseSetup:49 - Before a parent class is called
2024-04-16 16:28:34 INFO  TestShadowDom:29 - Child class before called
2024-04-16 16:29:38 INFO  BaseSetup:26 - before class
2024-04-16 16:29:40 INFO  BaseSetup:49 - Before a parent class is called
2024-04-16 16:29:40 INFO  BaseSetup:49 - Before a parent class is called
2024-04-16 16:29:40 INFO  TestShadowDom:29 - Child class before called
2024-04-16 16:41:45 INFO  BaseSetup:26 - before class
2024-04-16 16:41:47 INFO  BaseSetup:49 - Before a parent class is called
2024-04-16 16:41:47 INFO  BaseSetup:49 - Before a parent class is called
2024-04-16 16:41:47 INFO  TestShadowDom:30 - Child class before called
2024-04-16 16:42:34 INFO  BaseSetup:26 - before class
2024-04-16 16:42:36 INFO  BaseSetup:49 - Before a parent class is called
2024-04-16 16:42:36 INFO  BaseSetup:49 - Before a parent class is called
2024-04-16 16:42:36 INFO  TestShadowDom:30 - Child class before called
2024-04-16 16:42:59 INFO  BaseSetup:26 - before class
2024-04-16 16:43:01 INFO  BaseSetup:49 - Before a parent class is called
2024-04-16 16:43:01 INFO  BaseSetup:49 - Before a parent class is called
2024-04-16 16:43:01 INFO  TestShadowDom:30 - Child class before called
2024-04-16 17:14:55 INFO  BaseSetup:26 - before class
2024-04-16 17:14:58 INFO  BaseSetup:49 - Before a parent class is called
2024-04-16 17:14:58 INFO  BaseSetup:49 - Before a parent class is called
2024-04-16 17:14:58 INFO  TestShadowDom:30 - Child class before called
2024-04-16 17:15:28 INFO  BaseSetup:26 - before class
2024-04-16 17:15:30 INFO  BaseSetup:49 - Before a parent class is called
2024-04-16 17:15:30 INFO  BaseSetup:49 - Before a parent class is called
2024-04-16 17:15:30 INFO  TestShadowDom:30 - Child class before called
2024-04-16 17:15:56 INFO  BaseSetup:26 - before class
2024-04-16 17:15:58 INFO  BaseSetup:49 - Before a parent class is called
2024-04-16 17:15:58 INFO  BaseSetup:49 - Before a parent class is called
2024-04-16 17:15:58 INFO  TestShadowDom:30 - Child class before called
2024-04-16 17:16:58 INFO  BaseSetup:26 - before class
2024-04-16 17:17:01 INFO  BaseSetup:49 - Before a parent class is called
2024-04-16 17:17:01 INFO  BaseSetup:49 - Before a parent class is called
2024-04-16 17:17:01 INFO  TestShadowDom:30 - Child class before called
2024-04-16 17:17:31 INFO  BaseSetup:26 - before class
2024-04-16 17:17:34 INFO  BaseSetup:49 - Before a parent class is called
2024-04-16 17:17:34 INFO  BaseSetup:49 - Before a parent class is called
2024-04-16 17:17:34 INFO  TestShadowDom:30 - Child class before called
2024-04-16 17:24:19 INFO  BaseSetup:26 - before class
2024-04-16 17:24:21 INFO  BaseSetup:49 - Before a parent class is called
2024-04-16 17:24:21 INFO  BaseSetup:49 - Before a parent class is called
2024-04-16 17:24:21 INFO  TestShadowDom:30 - Child class before called
2024-04-16 18:21:08 INFO  BaseSetup:26 - before class
2024-04-16 18:21:11 INFO  BaseSetup:49 - Before a parent class is called
2024-04-16 18:21:11 INFO  BaseSetup:49 - Before a parent class is called
2024-04-16 18:21:11 INFO  TestShadowDom:29 - Child class before called
2024-04-16 18:22:14 INFO  BaseSetup:26 - before class
2024-04-16 18:22:17 INFO  BaseSetup:49 - Before a parent class is called
2024-04-16 18:22:17 INFO  BaseSetup:49 - Before a parent class is called
2024-04-16 18:22:17 INFO  TestShadowDom:29 - Child class before called
2024-04-16 18:22:51 INFO  BaseSetup:26 - before class
2024-04-16 18:22:53 INFO  BaseSetup:49 - Before a parent class is called
2024-04-16 18:22:53 INFO  BaseSetup:49 - Before a parent class is called
2024-04-16 18:22:53 INFO  TestShadowDom:29 - Child class before called
2024-04-16 18:28:11 INFO  BaseSetup:26 - before class
2024-04-16 18:28:13 INFO  BaseSetup:49 - Before a parent class is called
2024-04-16 18:28:13 INFO  BaseSetup:49 - Before a parent class is called
2024-04-16 18:28:13 INFO  TestShadowDom:27 - Child class before called
2024-04-16 18:28:39 INFO  BaseSetup:26 - before class
2024-04-16 18:28:42 INFO  BaseSetup:49 - Before a parent class is called
2024-04-16 18:28:42 INFO  BaseSetup:49 - Before a parent class is called
2024-04-16 18:28:42 INFO  TestShadowDom:27 - Child class before called
2024-04-16 18:30:29 INFO  BaseSetup:26 - before class
2024-04-16 18:30:31 INFO  BaseSetup:49 - Before a parent class is called
2024-04-16 18:30:31 INFO  BaseSetup:49 - Before a parent class is called
2024-04-16 18:30:31 INFO  TestShadowDom:28 - Child class before called
2024-04-16 18:34:12 INFO  BaseSetup:26 - before class
2024-04-16 18:34:14 INFO  BaseSetup:49 - Before a parent class is called
2024-04-16 18:34:14 INFO  BaseSetup:49 - Before a parent class is called
2024-04-16 18:34:14 INFO  TestShadowDom:28 - Child class before called
2024-04-16 18:34:32 INFO  BaseSetup:26 - before class
2024-04-16 18:34:34 INFO  BaseSetup:49 - Before a parent class is called
2024-04-16 18:34:34 INFO  BaseSetup:49 - Before a parent class is called
2024-04-16 18:34:34 INFO  TestShadowDom:28 - Child class before called
2024-04-16 18:34:49 INFO  BaseSetup:26 - before class
2024-04-16 18:34:51 INFO  BaseSetup:49 - Before a parent class is called
2024-04-16 18:34:51 INFO  BaseSetup:49 - Before a parent class is called
2024-04-16 18:34:51 INFO  TestShadowDom:28 - Child class before called
2024-04-16 18:36:02 INFO  BaseSetup:26 - before class
2024-04-16 18:36:04 INFO  BaseSetup:49 - Before a parent class is called
2024-04-16 18:36:04 INFO  BaseSetup:49 - Before a parent class is called
2024-04-16 18:36:04 INFO  TestShadowDom:28 - Child class before called
2024-04-16 18:36:33 INFO  BaseSetup:26 - before class
2024-04-16 18:36:35 INFO  BaseSetup:49 - Before a parent class is called
2024-04-16 18:36:35 INFO  BaseSetup:49 - Before a parent class is called
2024-04-16 18:36:35 INFO  TestShadowDom:28 - Child class before called
2024-04-16 21:52:43 INFO  BaseSetup:26 - before class
2024-04-16 21:52:46 INFO  BaseSetup:49 - Before a parent class is called
2024-04-16 21:52:46 INFO  BaseSetup:49 - Before a parent class is called
2024-04-16 21:52:46 INFO  TestShadowDom:28 - Child class before called
2024-04-16 21:53:22 INFO  BaseSetup:26 - before class
2024-04-16 21:53:25 INFO  BaseSetup:49 - Before a parent class is called
2024-04-16 21:53:25 INFO  BaseSetup:49 - Before a parent class is called
2024-04-16 21:53:25 INFO  TestShadowDom:28 - Child class before called
2024-04-16 21:54:54 INFO  BaseSetup:26 - before class
2024-04-16 21:54:56 INFO  BaseSetup:49 - Before a parent class is called
2024-04-16 21:54:56 INFO  BaseSetup:49 - Before a parent class is called
2024-04-16 21:54:56 INFO  TestShadowDom:28 - Child class before called
2024-04-16 21:55:49 INFO  BaseSetup:26 - before class
2024-04-16 21:55:51 INFO  BaseSetup:49 - Before a parent class is called
2024-04-16 21:55:51 INFO  BaseSetup:49 - Before a parent class is called
2024-04-16 21:55:51 INFO  TestShadowDom:28 - Child class before called
2024-04-16 21:57:18 INFO  BaseSetup:26 - before class
2024-04-16 21:57:21 INFO  BaseSetup:49 - Before a parent class is called
2024-04-16 21:57:21 INFO  BaseSetup:49 - Before a parent class is called
2024-04-16 21:57:21 INFO  TestShadowDom:28 - Child class before called
2024-04-16 22:04:45 INFO  BaseSetup:26 - before class
2024-04-16 22:04:47 INFO  BaseSetup:49 - Before a parent class is called
2024-04-16 22:04:47 INFO  BaseSetup:49 - Before a parent class is called
2024-04-16 22:04:47 INFO  TestShadowDom:28 - Child class before called
2024-04-16 22:04:55 INFO  BaseSetup:26 - before class
2024-04-16 22:04:57 INFO  BaseSetup:49 - Before a parent class is called
2024-04-16 22:04:57 INFO  BaseSetup:49 - Before a parent class is called
2024-04-16 22:04:57 INFO  TestShadowDom:28 - Child class before called
2024-04-16 22:15:57 INFO  BaseSetup:26 - before class
2024-04-16 22:15:59 INFO  BaseSetup:49 - Before a parent class is called
2024-04-16 22:15:59 INFO  BaseSetup:49 - Before a parent class is called
2024-04-16 22:15:59 INFO  TestShadowDom:30 - Child class before called
2024-04-16 22:24:08 INFO  BaseSetup:26 - before class
2024-04-16 22:24:10 INFO  BaseSetup:49 - Before a parent class is called
2024-04-16 22:24:10 INFO  BaseSetup:49 - Before a parent class is called
2024-04-16 22:24:10 INFO  TestShadowDom:30 - Child class before called
2024-04-16 22:24:55 INFO  BaseSetup:26 - before class
2024-04-16 22:24:57 INFO  BaseSetup:49 - Before a parent class is called
2024-04-16 22:24:57 INFO  BaseSetup:49 - Before a parent class is called
2024-04-16 22:24:57 INFO  TestShadowDom:30 - Child class before called
2024-04-16 22:26:41 INFO  BaseSetup:26 - before class
2024-04-16 22:26:44 INFO  BaseSetup:49 - Before a parent class is called
2024-04-16 22:26:44 INFO  BaseSetup:49 - Before a parent class is called
2024-04-16 22:26:44 INFO  TestShadowDom:30 - Child class before called
2024-04-16 22:26:54 INFO  BaseSetup:26 - before class
2024-04-16 22:26:56 INFO  BaseSetup:49 - Before a parent class is called
2024-04-16 22:26:56 INFO  BaseSetup:49 - Before a parent class is called
2024-04-16 22:26:56 INFO  TestShadowDom:30 - Child class before called
2024-04-16 22:31:41 INFO  BaseSetup:26 - before class
2024-04-16 22:31:44 INFO  BaseSetup:49 - Before a parent class is called
2024-04-16 22:31:44 INFO  BaseSetup:49 - Before a parent class is called
2024-04-16 22:31:44 INFO  TestShadowDom:30 - Child class before called
2024-04-16 22:32:37 INFO  BaseSetup:26 - before class
2024-04-16 22:32:39 INFO  BaseSetup:49 - Before a parent class is called
2024-04-16 22:32:39 INFO  BaseSetup:49 - Before a parent class is called
2024-04-16 22:32:39 INFO  TestShadowDom:30 - Child class before called
2024-04-16 22:34:27 INFO  BaseSetup:26 - before class
2024-04-16 22:34:30 INFO  BaseSetup:49 - Before a parent class is called
2024-04-16 22:34:30 INFO  BaseSetup:49 - Before a parent class is called
2024-04-16 22:34:30 INFO  TestShadowDom:30 - Child class before called
2024-04-16 22:36:24 INFO  BaseSetup:26 - before class
2024-04-16 22:36:26 INFO  BaseSetup:49 - Before a parent class is called
2024-04-16 22:36:26 INFO  BaseSetup:49 - Before a parent class is called
2024-04-16 22:36:26 INFO  TestShadowDom:30 - Child class before called
2024-04-16 22:37:46 INFO  BaseSetup:26 - before class
2024-04-16 22:37:48 INFO  BaseSetup:49 - Before a parent class is called
2024-04-16 22:37:48 INFO  BaseSetup:49 - Before a parent class is called
2024-04-16 22:37:48 INFO  TestShadowDom:30 - Child class before called
2024-04-16 22:41:29 INFO  BaseSetup:26 - before class
2024-04-16 22:41:31 INFO  BaseSetup:49 - Before a parent class is called
2024-04-16 22:41:31 INFO  BaseSetup:49 - Before a parent class is called
2024-04-16 22:41:31 INFO  TestShadowDom:30 - Child class before called
2024-04-17 12:46:10 INFO  BaseSetup:26 - before class
2024-04-17 12:46:15 INFO  BaseSetup:49 - Before a parent class is called
2024-04-17 12:46:15 INFO  BaseSetup:49 - Before a parent class is called
2024-04-17 12:46:15 INFO  AutomationPractice:29 - Child class before called
2024-04-17 12:46:35 INFO  BaseSetup:26 - before class
2024-04-17 12:46:38 INFO  BaseSetup:49 - Before a parent class is called
2024-04-17 12:46:38 INFO  BaseSetup:49 - Before a parent class is called
2024-04-17 12:46:38 INFO  AutomationPractice:29 - Child class before called
2024-04-17 12:48:25 INFO  BaseSetup:26 - before class
2024-04-17 12:48:27 INFO  BaseSetup:49 - Before a parent class is called
2024-04-17 12:48:27 INFO  BaseSetup:49 - Before a parent class is called
2024-04-17 12:48:27 INFO  AutomationPractice:29 - Child class before called
2024-04-17 14:28:11 INFO  BaseSetup:26 - before class
2024-04-17 14:28:14 INFO  BaseSetup:49 - Before a parent class is called
2024-04-17 14:28:14 INFO  BaseSetup:49 - Before a parent class is called
2024-04-17 14:28:14 INFO  AutomationPractice:29 - Child class before called
2024-04-17 14:32:17 INFO  BaseSetup:26 - before class
2024-04-17 14:32:19 INFO  BaseSetup:49 - Before a parent class is called
2024-04-17 14:32:19 INFO  BaseSetup:49 - Before a parent class is called
2024-04-17 14:32:19 INFO  AutomationPractice:30 - Child class before called
2024-04-17 14:32:36 INFO  BaseSetup:26 - before class
2024-04-17 14:32:38 INFO  BaseSetup:49 - Before a parent class is called
2024-04-17 14:32:38 INFO  BaseSetup:49 - Before a parent class is called
2024-04-17 14:32:38 INFO  AutomationPractice:30 - Child class before called
2024-04-17 14:33:58 INFO  BaseSetup:26 - before class
2024-04-17 14:34:00 INFO  BaseSetup:49 - Before a parent class is called
2024-04-17 14:34:00 INFO  BaseSetup:49 - Before a parent class is called
2024-04-17 14:34:00 INFO  AutomationPractice:30 - Child class before called
2024-04-17 14:46:54 INFO  BaseSetup:26 - before class
2024-04-17 14:46:57 INFO  BaseSetup:49 - Before a parent class is called
2024-04-17 14:46:57 INFO  BaseSetup:49 - Before a parent class is called
2024-04-17 14:46:57 INFO  AutomationPractice:31 - Child class before called
2024-04-17 14:47:52 INFO  BaseSetup:26 - before class
2024-04-17 14:47:54 INFO  BaseSetup:49 - Before a parent class is called
2024-04-17 14:47:54 INFO  BaseSetup:49 - Before a parent class is called
2024-04-17 14:47:54 INFO  AutomationPractice:31 - Child class before called
2024-04-17 14:48:36 INFO  BaseSetup:26 - before class
2024-04-17 14:48:39 INFO  BaseSetup:49 - Before a parent class is called
2024-04-17 14:48:39 INFO  BaseSetup:49 - Before a parent class is called
2024-04-17 14:48:39 INFO  AutomationPractice:31 - Child class before called
2024-04-17 14:48:41 INFO  BaseSetup:49 - Before a parent class is called
2024-04-17 14:48:41 INFO  BaseSetup:49 - Before a parent class is called
2024-04-17 14:48:41 INFO  AutomationPractice:31 - Child class before called
2024-04-17 14:49:30 INFO  BaseSetup:49 - Before a parent class is called
2024-04-17 14:49:30 INFO  BaseSetup:49 - Before a parent class is called
2024-04-17 14:49:30 INFO  AutomationPractice:31 - Child class before called
2024-04-17 17:11:51 INFO  BaseSetup:26 - before class
2024-04-17 17:11:54 INFO  BaseSetup:49 - Before a parent class is called
2024-04-17 17:11:54 INFO  BaseSetup:49 - Before a parent class is called
2024-04-17 17:11:54 INFO  AutomationPractice:32 - Child class before called
2024-04-17 17:12:53 INFO  BaseSetup:26 - before class
2024-04-17 17:12:55 INFO  BaseSetup:49 - Before a parent class is called
2024-04-17 17:12:55 INFO  BaseSetup:49 - Before a parent class is called
2024-04-17 17:12:55 INFO  AutomationPractice:32 - Child class before called
2024-04-17 17:18:37 INFO  BaseSetup:26 - before class
2024-04-17 17:18:39 INFO  BaseSetup:49 - Before a parent class is called
2024-04-17 17:18:39 INFO  BaseSetup:49 - Before a parent class is called
2024-04-17 17:18:39 INFO  AutomationPractice:33 - Child class before called
2024-04-17 17:19:48 INFO  BaseSetup:26 - before class
2024-04-17 17:19:51 INFO  BaseSetup:49 - Before a parent class is called
2024-04-17 17:19:51 INFO  BaseSetup:49 - Before a parent class is called
2024-04-17 17:19:51 INFO  AutomationPractice:33 - Child class before called
2024-04-17 17:23:18 INFO  BaseSetup:26 - before class
2024-04-17 17:23:20 INFO  BaseSetup:49 - Before a parent class is called
2024-04-17 17:23:20 INFO  BaseSetup:49 - Before a parent class is called
2024-04-17 17:23:20 INFO  AutomationPractice:34 - Child class before called
2024-04-17 17:23:40 INFO  BaseSetup:26 - before class
2024-04-17 17:23:42 INFO  BaseSetup:49 - Before a parent class is called
2024-04-17 17:23:42 INFO  BaseSetup:49 - Before a parent class is called
2024-04-17 17:23:42 INFO  AutomationPractice:34 - Child class before called
2024-04-17 17:28:45 INFO  BaseSetup:26 - before class
2024-04-17 17:28:47 INFO  BaseSetup:49 - Before a parent class is called
2024-04-17 17:28:47 INFO  BaseSetup:49 - Before a parent class is called
2024-04-17 17:28:47 INFO  AutomationPractice:35 - Child class before called
2024-04-17 17:37:51 INFO  BaseSetup:26 - before class
2024-04-17 17:37:53 INFO  BaseSetup:49 - Before a parent class is called
2024-04-17 17:37:53 INFO  BaseSetup:49 - Before a parent class is called
2024-04-17 17:37:53 INFO  AutomationPractice:36 - Child class before called
2024-04-17 17:38:34 INFO  BaseSetup:26 - before class
2024-04-17 17:38:36 INFO  BaseSetup:49 - Before a parent class is called
2024-04-17 17:38:36 INFO  BaseSetup:49 - Before a parent class is called
2024-04-17 17:38:36 INFO  AutomationPractice:36 - Child class before called
2024-04-17 17:39:01 INFO  BaseSetup:26 - before class
2024-04-17 17:39:04 INFO  BaseSetup:49 - Before a parent class is called
2024-04-17 17:39:04 INFO  BaseSetup:49 - Before a parent class is called
2024-04-17 17:39:04 INFO  AutomationPractice:36 - Child class before called
2024-04-17 17:40:00 INFO  BaseSetup:26 - before class
2024-04-17 17:40:02 INFO  BaseSetup:49 - Before a parent class is called
2024-04-17 17:40:02 INFO  BaseSetup:49 - Before a parent class is called
2024-04-17 17:40:02 INFO  AutomationPractice:36 - Child class before called
2024-04-17 17:40:46 INFO  BaseSetup:26 - before class
2024-04-17 17:40:48 INFO  BaseSetup:49 - Before a parent class is called
2024-04-17 17:40:48 INFO  BaseSetup:49 - Before a parent class is called
2024-04-17 17:40:48 INFO  AutomationPractice:36 - Child class before called
2024-04-17 22:16:11 INFO  BaseSetup:26 - before class
2024-04-17 22:16:16 INFO  BaseSetup:49 - Before a parent class is called
2024-04-17 22:16:16 INFO  BaseSetup:49 - Before a parent class is called
2024-04-17 22:16:16 INFO  AutomationPractice:29 - Child class before called
2024-04-17 22:18:40 INFO  BaseSetup:26 - before class
2024-04-17 22:18:43 INFO  BaseSetup:49 - Before a parent class is called
2024-04-17 22:18:43 INFO  BaseSetup:49 - Before a parent class is called
2024-04-17 22:18:43 INFO  AutomationPractice:29 - Child class before called
2024-04-17 22:38:31 INFO  BaseSetup:26 - before class
2024-04-17 22:38:33 INFO  BaseSetup:49 - Before a parent class is called
2024-04-17 22:38:33 INFO  BaseSetup:49 - Before a parent class is called
2024-04-17 22:38:33 INFO  AutomationPractice:30 - Child class before called
2024-04-17 22:39:50 INFO  BaseSetup:26 - before class
2024-04-17 22:39:52 INFO  BaseSetup:49 - Before a parent class is called
2024-04-17 22:39:52 INFO  BaseSetup:49 - Before a parent class is called
2024-04-17 22:39:52 INFO  AutomationPractice:30 - Child class before called
2024-04-17 22:42:44 INFO  BaseSetup:26 - before class
2024-04-17 22:42:47 INFO  BaseSetup:49 - Before a parent class is called
2024-04-17 22:42:47 INFO  BaseSetup:49 - Before a parent class is called
2024-04-17 22:42:47 INFO  AutomationPractice:31 - Child class before called
2024-04-17 22:46:40 INFO  BaseSetup:26 - before class
2024-04-17 22:46:42 INFO  BaseSetup:49 - Before a parent class is called
2024-04-17 22:46:42 INFO  BaseSetup:49 - Before a parent class is called
2024-04-17 22:46:42 INFO  AutomationPractice:31 - Child class before called
2024-04-17 22:47:22 INFO  BaseSetup:26 - before class
2024-04-17 22:47:24 INFO  BaseSetup:49 - Before a parent class is called
2024-04-17 22:47:24 INFO  BaseSetup:49 - Before a parent class is called
2024-04-17 22:47:24 INFO  AutomationPractice:31 - Child class before called
2024-04-17 22:48:24 INFO  BaseSetup:26 - before class
2024-04-17 22:48:26 INFO  BaseSetup:49 - Before a parent class is called
2024-04-17 22:48:26 INFO  BaseSetup:49 - Before a parent class is called
2024-04-17 22:48:26 INFO  AutomationPractice:31 - Child class before called
2024-04-17 22:49:06 INFO  BaseSetup:26 - before class
2024-04-17 22:49:09 INFO  BaseSetup:49 - Before a parent class is called
2024-04-17 22:49:09 INFO  BaseSetup:49 - Before a parent class is called
2024-04-17 22:49:09 INFO  AutomationPractice:31 - Child class before called
2024-04-17 22:50:55 INFO  BaseSetup:26 - before class
2024-04-17 22:50:57 INFO  BaseSetup:49 - Before a parent class is called
2024-04-17 22:50:57 INFO  BaseSetup:49 - Before a parent class is called
2024-04-17 22:50:57 INFO  AutomationPractice:31 - Child class before called
2024-04-18 00:03:19 INFO  BaseSetup:26 - before class
2024-04-18 00:03:22 INFO  BaseSetup:49 - Before a parent class is called
2024-04-18 00:03:22 INFO  BaseSetup:49 - Before a parent class is called
2024-04-18 00:03:22 INFO  AutomationPractice:31 - Child class before called
2024-04-18 10:28:26 INFO  BaseSetup:26 - before class
2024-04-18 10:28:31 INFO  BaseSetup:49 - Before a parent class is called
2024-04-18 10:28:31 INFO  BaseSetup:49 - Before a parent class is called
2024-04-18 10:28:31 INFO  AutomationPractice:29 - Child class before called
2024-04-18 10:29:00 INFO  BaseSetup:26 - before class
2024-04-18 10:29:02 INFO  BaseSetup:49 - Before a parent class is called
2024-04-18 10:29:02 INFO  BaseSetup:49 - Before a parent class is called
2024-04-18 10:29:02 INFO  AutomationPractice:29 - Child class before called
2024-04-18 10:29:20 INFO  BaseSetup:26 - before class
2024-04-18 10:29:22 INFO  BaseSetup:49 - Before a parent class is called
2024-04-18 10:29:22 INFO  BaseSetup:49 - Before a parent class is called
2024-04-18 10:29:22 INFO  AutomationPractice:29 - Child class before called
2024-04-18 10:29:39 INFO  BaseSetup:26 - before class
2024-04-18 10:29:41 INFO  BaseSetup:49 - Before a parent class is called
2024-04-18 10:29:41 INFO  BaseSetup:49 - Before a parent class is called
2024-04-18 10:29:41 INFO  AutomationPractice:29 - Child class before called
2024-04-18 10:32:21 INFO  BaseSetup:26 - before class
2024-04-18 10:32:23 INFO  BaseSetup:49 - Before a parent class is called
2024-04-18 10:32:23 INFO  BaseSetup:49 - Before a parent class is called
2024-04-18 10:32:23 INFO  AutomationPractice:29 - Child class before called
2024-04-18 10:33:46 INFO  BaseSetup:26 - before class
2024-04-18 10:33:48 INFO  BaseSetup:49 - Before a parent class is called
2024-04-18 10:33:48 INFO  BaseSetup:49 - Before a parent class is called
2024-04-18 10:33:48 INFO  AutomationPractice:29 - Child class before called
2024-04-18 10:34:33 INFO  BaseSetup:26 - before class
2024-04-18 10:34:36 INFO  BaseSetup:49 - Before a parent class is called
2024-04-18 10:34:36 INFO  BaseSetup:49 - Before a parent class is called
2024-04-18 10:34:36 INFO  AutomationPractice:29 - Child class before called
2024-04-18 10:36:37 INFO  BaseSetup:26 - before class
2024-04-18 10:36:39 INFO  BaseSetup:49 - Before a parent class is called
2024-04-18 10:36:39 INFO  BaseSetup:49 - Before a parent class is called
2024-04-18 10:36:39 INFO  AutomationPractice:29 - Child class before called
2024-04-18 10:37:03 INFO  BaseSetup:26 - before class
2024-04-18 10:37:05 INFO  BaseSetup:49 - Before a parent class is called
2024-04-18 10:37:05 INFO  BaseSetup:49 - Before a parent class is called
2024-04-18 10:37:05 INFO  AutomationPractice:29 - Child class before called
2024-04-18 10:46:14 INFO  BaseSetup:26 - before class
2024-04-18 10:46:17 INFO  BaseSetup:49 - Before a parent class is called
2024-04-18 10:46:17 INFO  BaseSetup:49 - Before a parent class is called
2024-04-18 10:46:17 INFO  AutomationPractice:30 - Child class before called
2024-04-18 10:59:20 INFO  BaseSetup:26 - before class
2024-04-18 10:59:23 INFO  BaseSetup:49 - Before a parent class is called
2024-04-18 10:59:23 INFO  BaseSetup:49 - Before a parent class is called
2024-04-18 10:59:23 INFO  AutomationPractice:30 - Child class before called
2024-04-18 11:12:20 INFO  BaseSetup:26 - before class
2024-04-18 11:12:22 INFO  BaseSetup:49 - Before a parent class is called
2024-04-18 11:12:22 INFO  BaseSetup:49 - Before a parent class is called
2024-04-18 11:12:22 INFO  AutomationPractice:29 - Child class before called
2024-04-18 11:13:00 INFO  BaseSetup:26 - before class
2024-04-18 11:13:02 INFO  BaseSetup:49 - Before a parent class is called
2024-04-18 11:13:02 INFO  BaseSetup:49 - Before a parent class is called
2024-04-18 11:13:02 INFO  AutomationPractice:30 - Child class before called
2024-04-18 11:13:25 INFO  BaseSetup:26 - before class
2024-04-18 11:13:27 INFO  BaseSetup:49 - Before a parent class is called
2024-04-18 11:13:27 INFO  BaseSetup:49 - Before a parent class is called
2024-04-18 11:13:27 INFO  AutomationPractice:31 - Child class before called
2024-04-18 11:21:45 INFO  BaseSetup:26 - before class
2024-04-18 11:21:47 INFO  BaseSetup:49 - Before a parent class is called
2024-04-18 11:21:47 INFO  BaseSetup:49 - Before a parent class is called
2024-04-18 11:21:47 INFO  AutomationPractice:31 - Child class before called
2024-04-18 11:22:32 INFO  BaseSetup:26 - before class
2024-04-18 11:22:34 INFO  BaseSetup:49 - Before a parent class is called
2024-04-18 11:22:34 INFO  BaseSetup:49 - Before a parent class is called
2024-04-18 11:22:34 INFO  AutomationPractice:31 - Child class before called
2024-04-18 11:25:03 INFO  BaseSetup:26 - before class
2024-04-18 11:25:05 INFO  BaseSetup:49 - Before a parent class is called
2024-04-18 11:25:05 INFO  BaseSetup:49 - Before a parent class is called
2024-04-18 11:25:05 INFO  AutomationPractice:31 - Child class before called
2024-04-18 11:26:45 INFO  BaseSetup:26 - before class
2024-04-18 11:26:47 INFO  BaseSetup:49 - Before a parent class is called
2024-04-18 11:26:47 INFO  BaseSetup:49 - Before a parent class is called
2024-04-18 11:26:47 INFO  AutomationPractice:31 - Child class before called
2024-04-18 11:28:30 INFO  BaseSetup:26 - before class
2024-04-18 11:28:33 INFO  BaseSetup:49 - Before a parent class is called
2024-04-18 11:28:33 INFO  BaseSetup:49 - Before a parent class is called
2024-04-18 11:28:33 INFO  AutomationPractice:31 - Child class before called
2024-04-18 11:30:16 INFO  BaseSetup:26 - before class
2024-04-18 11:30:19 INFO  BaseSetup:49 - Before a parent class is called
2024-04-18 11:30:19 INFO  BaseSetup:49 - Before a parent class is called
2024-04-18 11:30:19 INFO  AutomationPractice:31 - Child class before called
2024-04-18 11:30:38 INFO  BaseSetup:26 - before class
2024-04-18 11:30:41 INFO  BaseSetup:49 - Before a parent class is called
2024-04-18 11:30:41 INFO  BaseSetup:49 - Before a parent class is called
2024-04-18 11:30:41 INFO  AutomationPractice:31 - Child class before called
2024-04-18 11:31:05 INFO  BaseSetup:26 - before class
2024-04-18 11:31:07 INFO  BaseSetup:49 - Before a parent class is called
2024-04-18 11:31:07 INFO  BaseSetup:49 - Before a parent class is called
2024-04-18 11:31:07 INFO  AutomationPractice:31 - Child class before called
2024-04-18 11:31:50 INFO  BaseSetup:26 - before class
2024-04-18 11:32:00 INFO  BaseSetup:26 - before class
2024-04-18 11:32:02 INFO  BaseSetup:49 - Before a parent class is called
2024-04-18 11:32:02 INFO  BaseSetup:49 - Before a parent class is called
2024-04-18 11:32:02 INFO  AutomationPractice:31 - Child class before called
2024-04-18 11:32:47 INFO  BaseSetup:26 - before class
2024-04-18 11:32:49 INFO  BaseSetup:49 - Before a parent class is called
2024-04-18 11:32:49 INFO  BaseSetup:49 - Before a parent class is called
2024-04-18 11:32:49 INFO  AutomationPractice:32 - Child class before called
2024-04-18 11:33:25 INFO  BaseSetup:26 - before class
2024-04-18 11:33:27 INFO  BaseSetup:49 - Before a parent class is called
2024-04-18 11:33:27 INFO  BaseSetup:49 - Before a parent class is called
2024-04-18 11:33:27 INFO  AutomationPractice:32 - Child class before called
2024-04-18 11:34:02 INFO  BaseSetup:26 - before class
2024-04-18 11:34:04 INFO  BaseSetup:49 - Before a parent class is called
2024-04-18 11:34:04 INFO  BaseSetup:49 - Before a parent class is called
2024-04-18 11:34:04 INFO  AutomationPractice:32 - Child class before called
2024-04-18 11:35:14 INFO  BaseSetup:26 - before class
2024-04-18 11:35:16 INFO  BaseSetup:49 - Before a parent class is called
2024-04-18 11:35:16 INFO  BaseSetup:49 - Before a parent class is called
2024-04-18 11:35:16 INFO  AutomationPractice:32 - Child class before called
2024-04-18 11:48:19 INFO  BaseSetup:26 - before class
2024-04-18 11:48:22 INFO  BaseSetup:49 - Before a parent class is called
2024-04-18 11:48:22 INFO  BaseSetup:49 - Before a parent class is called
2024-04-18 11:48:22 INFO  AutomationPractice:34 - Child class before called
2024-04-18 11:48:49 INFO  BaseSetup:26 - before class
2024-04-18 11:48:51 INFO  BaseSetup:49 - Before a parent class is called
2024-04-18 11:48:51 INFO  BaseSetup:49 - Before a parent class is called
2024-04-18 11:48:51 INFO  AutomationPractice:34 - Child class before called
2024-04-18 11:49:22 INFO  BaseSetup:26 - before class
2024-04-18 11:49:24 INFO  BaseSetup:49 - Before a parent class is called
2024-04-18 11:49:24 INFO  BaseSetup:49 - Before a parent class is called
2024-04-18 11:49:24 INFO  AutomationPractice:34 - Child class before called
2024-04-18 11:49:36 INFO  BaseSetup:26 - before class
2024-04-18 11:49:38 INFO  BaseSetup:49 - Before a parent class is called
2024-04-18 11:49:38 INFO  BaseSetup:49 - Before a parent class is called
2024-04-18 11:49:38 INFO  AutomationPractice:34 - Child class before called
2024-04-18 11:56:35 INFO  BaseSetup:26 - before class
2024-04-18 11:56:37 INFO  BaseSetup:49 - Before a parent class is called
2024-04-18 11:56:37 INFO  BaseSetup:49 - Before a parent class is called
2024-04-18 11:56:37 INFO  AutomationPractice:33 - Child class before called
